#
# A fatal error has been detected by the Java Runtime Environment:
#
#  EXCEPTION_ACCESS_VIOLATION (0xc0000005) at pc=0x0000000062484d63, pid=10424, tid=0x00000000000020e0
#
# JRE version: Java(TM) SE Runtime Environment (8.0_121-b13) (build 1.8.0_121-b13)
# Java VM: Java HotSpot(TM) 64-Bit Server VM (25.121-b13 mixed mode windows-amd64 compressed oops)
# Problematic frame:
# C  [pthreadGC2.dll+0x4d63]
#
# Failed to write core dump. Minidumps are not enabled by default on client versions of Windows
#
# If you would like to submit a bug report, please visit:
#   http://bugreport.java.com/bugreport/crash.jsp
# The crash happened outside the Java Virtual Machine in native code.
# See problematic frame for where to report the bug.
#

---------------  T H R E A D  ---------------

Current thread (0x00000000190da000):  JavaThread "Thread-1" daemon [_thread_in_native, id=8416, stack(0x000000001ba40000,0x000000001bb40000)]

siginfo: ExceptionCode=0xc0000005, reading address 0x0000000000000008

Registers:
RAX=0x0000000000000000, RBX=0x0000000000000002, RCX=0x000000001bb3e530, RDX=0x0000000000000001
RSP=0x000000001bb3e4e8, RBP=0x00007ff8a981ba40, RSI=0x0000000000000010, RDI=0x000000001bc20b10
R8 =0x0000000000000008, R9 =0x00000000fffffff7, R10=0x0000000000000000, R11=0x0000000000000001
R12=0x0000000000000000, R13=0x0000000000000001, R14=0x00007ff8a8781010, R15=0x00007ff8a8781910
RIP=0x0000000062484d63, EFLAGS=0x0000000000010246

Top of Stack: (sp=0x000000001bb3e4e8)
0x000000001bb3e4e8:   00000000702774ed 000000001aab1c10
0x000000001bb3e4f8:   00000000702072a7 00000000702f42a0
0x000000001bb3e508:   000000001aab1a80 fffffffffffffffe
0x000000001bb3e518:   ffffffffffffffff 000000001aab1750
0x000000001bb3e528:   00007ff8a8781910 0000000000000000
0x000000001bb3e538:   0000000000000000 00000000702f42a0
0x000000001bb3e548:   000000001ab27da0 00000000702f42a0
0x000000001bb3e558:   0000000000000001 00007ff8a981ba40
0x000000001bb3e568:   0000000000000000 00000000702ccc80
0x000000001bb3e578:   0000000000000000 0000000000000000
0x000000001bb3e588:   000000007024c479 0000000070239f70
0x000000001bb3e598:   0000000000000001 0000000000000003
0x000000001bb3e5a8:   00000000702f42a0 00000000000000d1
0x000000001bb3e5b8:   0000000070209068 000000001aab1b40
0x000000001bb3e5c8:   000000001ab27da0 0000000000000001
0x000000001bb3e5d8:   00000000702f42a0 0000000000000000 

Instructions: (pc=0x0000000062484d63)
0x0000000062484d43:   ff ff 66 66 2e 0f 1f 84 00 00 00 00 00 e9 cb eb
0x0000000062484d53:   ff ff 66 66 2e 0f 1f 84 00 00 00 00 00 48 8b 01
0x0000000062484d63:   48 8b 40 08 c3 0f 1f 84 00 00 00 00 00 48 8b 01
0x0000000062484d73:   8b 80 98 01 00 00 c3 66 0f 1f 44 00 00 48 8b 01 


Register to memory mapping:

RAX=0x0000000000000000 is an unknown value
RBX=0x0000000000000002 is an unknown value
RCX=0x000000001bb3e530 is pointing into the stack for thread: 0x00000000190da000
RDX=0x0000000000000001 is an unknown value
RSP=0x000000001bb3e4e8 is pointing into the stack for thread: 0x00000000190da000
RBP=0x00007ff8a981ba40 is an unknown value
RSI=0x0000000000000010 is an unknown value
RDI=0x000000001bc20b10 is an unknown value
R8 =0x0000000000000008 is an unknown value
R9 =0x00000000fffffff7 is an unallocated location in the heap
R10=0x0000000000000000 is an unknown value
R11=0x0000000000000001 is an unknown value
R12=0x0000000000000000 is an unknown value
R13=0x0000000000000001 is an unknown value
R14=0x00007ff8a8781010 is an unknown value
R15=0x00007ff8a8781910 is an unknown value


Stack: [0x000000001ba40000,0x000000001bb40000],  sp=0x000000001bb3e4e8,  free space=1017k
Native frames: (J=compiled Java code, j=interpreted, Vv=VM code, C=native code)
C  [pthreadGC2.dll+0x4d63]
C  [libswipl.dll+0x774ed]
C  [libswipl.dll+0x4c479]
C  [libswipl.dll+0x5192a]
C  [libswipl.dll+0x519a5]
C  [libswipl.dll+0x14704]
C  [jpl.dll+0xe5e7]
C  0x0000000002147f74

Java frames: (J=compiled Java code, j=interpreted, Vv=VM code)
j  jpl.fli.Prolog.next_solution(Ljpl/fli/qid_t;)Z+0
j  jpl.Query.get1()Z+4
j  jpl.Query.hasMoreSolutions()Z+12
j  jpl.Query.oneSolution()Ljava/util/Hashtable;+18
j  jpl.Query.query()Z+1
j  Utilities.Utilities.probableWords(Lobject/Word;)LDoubleLinkedList/DoubleLinkedList;+50
j  object.Text.seperated(Ljava/lang/String;)Lobject/Text;+117
j  Notepad.Notepad.substitute()V+22
j  Notepad.Notepad$32.run()V+4
v  ~StubRoutines::call_stub

---------------  P R O C E S S  ---------------

Java Threads: ( => current thread )
=>0x00000000190da000 JavaThread "Thread-1" daemon [_thread_in_native, id=8416, stack(0x000000001ba40000,0x000000001bb40000)]
  0x00000000189db800 JavaThread "TimerQueue" daemon [_thread_blocked, id=5100, stack(0x000000001b940000,0x000000001ba40000)]
  0x0000000018f02000 JavaThread "Swing-Shell" daemon [_thread_blocked, id=152, stack(0x000000001a0f0000,0x000000001a1f0000)]
  0x0000000001fd0800 JavaThread "DestroyJavaVM" [_thread_blocked, id=8236, stack(0x0000000000750000,0x0000000000850000)]
  0x00000000189d6800 JavaThread "AWT-EventQueue-0" [_thread_blocked, id=8276, stack(0x0000000019df0000,0x0000000019ef0000)]
  0x00000000189c5000 JavaThread "AWT-Windows" daemon [_thread_in_native, id=3660, stack(0x0000000019700000,0x0000000019800000)]
  0x00000000189ba800 JavaThread "AWT-Shutdown" [_thread_blocked, id=11200, stack(0x0000000019600000,0x0000000019700000)]
  0x0000000018d43800 JavaThread "Java2D Disposer" daemon [_thread_blocked, id=5356, stack(0x0000000019500000,0x0000000019600000)]
  0x0000000016cde000 JavaThread "Service Thread" daemon [_thread_blocked, id=7236, stack(0x00000000189e0000,0x0000000018ae0000)]
  0x0000000016c98800 JavaThread "C1 CompilerThread2" daemon [_thread_blocked, id=4900, stack(0x00000000184e0000,0x00000000185e0000)]
  0x0000000016c8a800 JavaThread "C2 CompilerThread1" daemon [_thread_blocked, id=3760, stack(0x00000000183e0000,0x00000000184e0000)]
  0x0000000016c87800 JavaThread "C2 CompilerThread0" daemon [_thread_blocked, id=11224, stack(0x00000000182e0000,0x00000000183e0000)]
  0x0000000016c85000 JavaThread "Attach Listener" daemon [_thread_blocked, id=6540, stack(0x00000000181e0000,0x00000000182e0000)]
  0x0000000016c84000 JavaThread "Signal Dispatcher" daemon [_thread_blocked, id=10924, stack(0x00000000180e0000,0x00000000181e0000)]
  0x00000000020ca800 JavaThread "Finalizer" daemon [_thread_blocked, id=10112, stack(0x0000000017ed0000,0x0000000017fd0000)]
  0x00000000020bf800 JavaThread "Reference Handler" daemon [_thread_blocked, id=836, stack(0x0000000017dd0000,0x0000000017ed0000)]

Other Threads:
  0x0000000016c48000 VMThread [stack: 0x0000000017cd0000,0x0000000017dd0000] [id=11024]
  0x0000000018634000 WatcherThread [stack: 0x0000000018ae0000,0x0000000018be0000] [id=8852]

VM state:not at safepoint (normal execution)

VM Mutex/Monitor currently owned by a thread: None

Heap:
 PSYoungGen      total 38400K, used 17224K [0x00000000d5d80000, 0x00000000d8800000, 0x0000000100000000)
  eden space 33280K, 51% used [0x00000000d5d80000,0x00000000d6e520f0,0x00000000d7e00000)
  from space 5120K, 0% used [0x00000000d8300000,0x00000000d8300000,0x00000000d8800000)
  to   space 5120K, 0% used [0x00000000d7e00000,0x00000000d7e00000,0x00000000d8300000)
 ParOldGen       total 87552K, used 0K [0x0000000081800000, 0x0000000086d80000, 0x00000000d5d80000)
  object space 87552K, 0% used [0x0000000081800000,0x0000000081800000,0x0000000086d80000)
 Metaspace       used 15618K, capacity 15790K, committed 16000K, reserved 1062912K
  class space    used 2028K, capacity 2081K, committed 2176K, reserved 1048576K

Card table byte_map: [0x00000000114f0000,0x00000000118f0000] byte_map_base: 0x00000000110e4000

Marking Bits: (ParMarkBitMap*) 0x000000005284b6d0
 Begin Bits: [0x0000000011fa0000, 0x0000000013f40000)
 End Bits:   [0x0000000013f40000, 0x0000000015ee0000)

Polling page: 0x00000000005e0000

CodeCache: size=245760Kb used=4761Kb max_used=4761Kb free=240998Kb
 bounds [0x0000000002130000, 0x00000000025e0000, 0x0000000011130000]
 total_blobs=1976 nmethods=1462 adapters=426
 compilation: enabled

Compilation events (10 events):
Event: 23.762 Thread 0x0000000016c98800 1456       3       sun.java2d.pipe.LoopPipe::fillRect (32 bytes)
Event: 23.762 Thread 0x0000000016c98800 nmethod 1456 0x00000000025d3e10 code [0x00000000025d3f80, 0x00000000025d4208]
Event: 23.762 Thread 0x0000000016c98800 1458       3       sun.java2d.pipe.DrawImage::copyImage (91 bytes)
Event: 23.763 Thread 0x0000000016c98800 nmethod 1458 0x00000000025d3050 code [0x00000000025d3220, 0x00000000025d3ac8]
Event: 23.763 Thread 0x0000000016c98800 1459       3       sun.java2d.pipe.DrawImage::copyImage (74 bytes)
Event: 23.763 Thread 0x0000000016c98800 nmethod 1459 0x00000000025d2910 code [0x00000000025d2aa0, 0x00000000025d2eb8]
Event: 23.763 Thread 0x0000000016c98800 1460   !   3       sun.java2d.pipe.DrawImage::renderImageCopy (147 bytes)
Event: 23.764 Thread 0x0000000016c98800 nmethod 1460 0x00000000025d5790 code [0x00000000025d59a0, 0x00000000025d6858]
Event: 23.764 Thread 0x0000000016c98800 1461       3       sun.java2d.pipe.DrawImage::blitSurfaceData (145 bytes)
Event: 23.765 Thread 0x0000000016c98800 nmethod 1461 0x00000000025d6e50 code [0x00000000025d70a0, 0x00000000025d82d8]

GC Heap History (0 events):
No events

Deoptimization events (7 events):
Event: 0.862 Thread 0x00000000189d6800 Uncommon trap: reason=unstable_if action=reinterpret pc=0x000000000231aeb8 method=java.lang.String.<init>([CII)V @ 18
Event: 1.021 Thread 0x00000000189c5000 Uncommon trap: reason=unstable_if action=reinterpret pc=0x0000000002327844 method=java.util.HashMap.putVal(ILjava/lang/Object;Ljava/lang/Object;ZZ)Ljava/lang/Object; @ 206
Event: 1.589 Thread 0x00000000189d6800 Uncommon trap: reason=class_check action=maybe_recompile pc=0x00000000022a4ce8 method=java.lang.String.equals(Ljava/lang/Object;)Z @ 8
Event: 2.274 Thread 0x00000000189d6800 Uncommon trap: reason=class_check action=maybe_recompile pc=0x00000000022a4ce8 method=java.lang.String.equals(Ljava/lang/Object;)Z @ 8
Event: 2.274 Thread 0x00000000189d6800 Uncommon trap: reason=class_check action=maybe_recompile pc=0x00000000022a4ce8 method=java.lang.String.equals(Ljava/lang/Object;)Z @ 8
Event: 2.540 Thread 0x00000000189d6800 Uncommon trap: reason=class_check action=maybe_recompile pc=0x00000000022a4ce8 method=java.lang.String.equals(Ljava/lang/Object;)Z @ 8
Event: 4.514 Thread 0x00000000189d6800 Uncommon trap: reason=unstable_if action=reinterpret pc=0x0000000002444424 method=java.awt.MultipleGradientPaintContext.indexIntoGradientsArrays(F)I @ 93

Internal exceptions (10 events):
Event: 0.369 Thread 0x0000000001fd0800 Exception <a 'java/lang/ClassNotFoundException': ToolBar> (0x00000000d619a1b0) thrown at [C:\re\workspace\8-2-build-windows-amd64-cygwin\jdk8u121\8372\hotspot\src\share\vm\classfile\systemDictionary.cpp, line 210]
Event: 0.369 Thread 0x0000000001fd0800 Exception <a 'java/lang/ClassNotFoundException': ToggleButton> (0x00000000d619a760) thrown at [C:\re\workspace\8-2-build-windows-amd64-cygwin\jdk8u121\8372\hotspot\src\share\vm\classfile\systemDictionary.cpp, line 210]
Event: 0.369 Thread 0x0000000001fd0800 Exception <a 'java/lang/ClassNotFoundException': javax/swing/JToolBarSeparator> (0x00000000d619abc0) thrown at [C:\re\workspace\8-2-build-windows-amd64-cygwin\jdk8u121\8372\hotspot\src\share\vm\classfile\systemDictionary.cpp, line 210]
Event: 0.369 Thread 0x0000000001fd0800 Exception <a 'java/lang/ClassNotFoundException': ToolBarSeparator> (0x00000000d619b058) thrown at [C:\re\workspace\8-2-build-windows-amd64-cygwin\jdk8u121\8372\hotspot\src\share\vm\classfile\systemDictionary.cpp, line 210]
Event: 0.369 Thread 0x0000000001fd0800 Exception <a 'java/lang/ClassNotFoundException': ToolTip> (0x00000000d619b798) thrown at [C:\re\workspace\8-2-build-windows-amd64-cygwin\jdk8u121\8372\hotspot\src\share\vm\classfile\systemDictionary.cpp, line 210]
Event: 0.372 Thread 0x0000000001fd0800 Exception <a 'java/lang/ClassNotFoundException': Tree> (0x00000000d619c3b8) thrown at [C:\re\workspace\8-2-build-windows-amd64-cygwin\jdk8u121\8372\hotspot\src\share\vm\classfile\systemDictionary.cpp, line 210]
Event: 0.372 Thread 0x0000000001fd0800 Exception <a 'java/lang/ClassNotFoundException': Tree> (0x00000000d619caf8) thrown at [C:\re\workspace\8-2-build-windows-amd64-cygwin\jdk8u121\8372\hotspot\src\share\vm\classfile\systemDictionary.cpp, line 210]
Event: 0.372 Thread 0x0000000001fd0800 Exception <a 'java/lang/ClassNotFoundException': javax/swing/JTreeCell> (0x00000000d619ce78) thrown at [C:\re\workspace\8-2-build-windows-amd64-cygwin\jdk8u121\8372\hotspot\src\share\vm\classfile\systemDictionary.cpp, line 210]
Event: 0.372 Thread 0x0000000001fd0800 Exception <a 'java/lang/ClassNotFoundException': TreeCell> (0x00000000d619d300) thrown at [C:\re\workspace\8-2-build-windows-amd64-cygwin\jdk8u121\8372\hotspot\src\share\vm\classfile\systemDictionary.cpp, line 210]
Event: 0.373 Thread 0x0000000001fd0800 Exception <a 'java/lang/ClassNotFoundException': RootPane> (0x00000000d619dd60) thrown at [C:\re\workspace\8-2-build-windows-amd64-cygwin\jdk8u121\8372\hotspot\src\share\vm\classfile\systemDictionary.cpp, line 210]

Events (10 events):
Event: 12.425 loading class sun/awt/UngrabEvent
Event: 12.425 loading class sun/awt/UngrabEvent done
Event: 13.457 loading class javax/swing/plaf/basic/BasicMenuItemUI$Actions
Event: 13.457 loading class javax/swing/plaf/basic/BasicMenuItemUI$Actions done
Event: 13.458 loading class javax/swing/plaf/basic/BasicPopupMenuUI$MouseGrabber$2
Event: 13.458 loading class javax/swing/plaf/basic/BasicPopupMenuUI$MouseGrabber$2 done
Event: 13.459 Executing VM operation: RevokeBias
Event: 13.459 Executing VM operation: RevokeBias done
Event: 20.529 loading class java/util/ArrayList$1
Event: 20.529 loading class java/util/ArrayList$1 done


Dynamic libraries:
0x00007ff63ccb0000 - 0x00007ff63cce7000 	C:\Program Files\Java\jdk1.8.0_121\bin\java.exe
0x00007ff8a97f0000 - 0x00007ff8a999d000 	C:\Windows\SYSTEM32\ntdll.dll
0x00007ff8a8780000 - 0x00007ff8a88be000 	C:\Windows\system32\KERNEL32.DLL
0x00007ff8978b0000 - 0x00007ff8978e3000 	C:\Program Files\AVAST Software\Avast\x64\aswhooka.dll
0x00007ff8a6b80000 - 0x00007ff8a6c95000 	C:\Windows\system32\KERNELBASE.dll
0x00007ff8a54e0000 - 0x00007ff8a556e000 	C:\Windows\system32\apphelp.dll
0x00007ff88d630000 - 0x00007ff88d683000 	C:\Windows\AppPatch\AppPatch64\AcGenral.DLL
0x00007ff8a8550000 - 0x00007ff8a85fa000 	C:\Windows\system32\msvcrt.dll
0x00007ff8a6aa0000 - 0x00007ff8a6ace000 	C:\Windows\system32\SspiCli.dll
0x00007ff8a84f0000 - 0x00007ff8a8544000 	C:\Windows\system32\SHLWAPI.dll
0x00007ff8a8600000 - 0x00007ff8a8777000 	C:\Windows\system32\USER32.dll
0x00007ff8a95d0000 - 0x00007ff8a9764000 	C:\Windows\system32\ole32.dll
0x00007ff8a6fc0000 - 0x00007ff8a84e9000 	C:\Windows\system32\SHELL32.dll
0x00007ff8a5ee0000 - 0x00007ff8a5f01000 	C:\Windows\SYSTEM32\USERENV.dll
0x00007ff8a8ff0000 - 0x00007ff8a909a000 	C:\Windows\system32\ADVAPI32.dll
0x00007ff896950000 - 0x00007ff89696e000 	C:\Windows\SYSTEM32\MPR.dll
0x00007ff8a6e80000 - 0x00007ff8a6fc0000 	C:\Windows\system32\RPCRT4.dll
0x00007ff8a9770000 - 0x00007ff8a97c9000 	C:\Windows\SYSTEM32\sechost.dll
0x00007ff8a8a80000 - 0x00007ff8a8c92000 	C:\Windows\SYSTEM32\combase.dll
0x00007ff8a8e90000 - 0x00007ff8a8fdb000 	C:\Windows\system32\GDI32.dll
0x00007ff8a6920000 - 0x00007ff8a6935000 	C:\Windows\SYSTEM32\profapi.dll
0x00007ff8a4eb0000 - 0x00007ff8a4f62000 	C:\Windows\SYSTEM32\SHCORE.dll
0x00007ff8a88c0000 - 0x00007ff8a88f6000 	C:\Windows\system32\IMM32.DLL
0x00007ff8a8cb0000 - 0x00007ff8a8e01000 	C:\Windows\system32\MSCTF.dll
0x00007ff8a4880000 - 0x00007ff8a4afb000 	C:\Windows\WinSxS\amd64_microsoft.windows.common-controls_6595b64144ccf1df_6.0.9600.18006_none_623f33d3ecbe86e8\COMCTL32.dll
0x0000000051f50000 - 0x0000000052022000 	C:\Program Files\Java\jdk1.8.0_121\jre\bin\msvcr100.dll
0x0000000052030000 - 0x00000000528cb000 	C:\Program Files\Java\jdk1.8.0_121\jre\bin\server\jvm.dll
0x00007ff8a1420000 - 0x00007ff8a1429000 	C:\Windows\SYSTEM32\WSOCK32.dll
0x00007ff898740000 - 0x00007ff898762000 	C:\Windows\SYSTEM32\WINMM.dll
0x00007ff89e360000 - 0x00007ff89e36a000 	C:\Windows\SYSTEM32\VERSION.dll
0x00007ff8a97d0000 - 0x00007ff8a97d7000 	C:\Windows\system32\PSAPI.DLL
0x00007ff8a8e30000 - 0x00007ff8a8e8a000 	C:\Windows\system32\WS2_32.dll
0x00007ff8985d0000 - 0x00007ff8985fa000 	C:\Windows\SYSTEM32\WINMMBASE.dll
0x00007ff8a8fe0000 - 0x00007ff8a8fe9000 	C:\Windows\system32\NSI.dll
0x00007ff8a6a50000 - 0x00007ff8a6a9f000 	C:\Windows\SYSTEM32\cfgmgr32.dll
0x00007ff8a5730000 - 0x00007ff8a5758000 	C:\Windows\SYSTEM32\DEVOBJ.dll
0x0000000054150000 - 0x000000005415f000 	C:\Program Files\Java\jdk1.8.0_121\jre\bin\verify.dll
0x0000000051ee0000 - 0x0000000051f09000 	C:\Program Files\Java\jdk1.8.0_121\jre\bin\java.dll
0x0000000051ec0000 - 0x0000000051ed6000 	C:\Program Files\Java\jdk1.8.0_121\jre\bin\zip.dll
0x0000000051ce0000 - 0x0000000051e78000 	C:\Program Files\Java\jdk1.8.0_121\jre\bin\awt.dll
0x00007ff8a9100000 - 0x00007ff8a91c6000 	C:\Windows\system32\OLEAUT32.dll
0x00007ff8a55b0000 - 0x00007ff8a56d9000 	C:\Windows\system32\uxtheme.dll
0x00007ff8a4cb0000 - 0x00007ff8a4cd1000 	C:\Windows\system32\dwmapi.dll
0x00007ff8a5780000 - 0x00007ff8a578b000 	C:\Windows\SYSTEM32\kernel.appcore.dll
0x00007ff8a67f0000 - 0x00007ff8a67fb000 	C:\Windows\SYSTEM32\CRYPTBASE.dll
0x00007ff8a6780000 - 0x00007ff8a67e3000 	C:\Windows\SYSTEM32\bcryptPrimitives.dll
0x0000000051c90000 - 0x0000000051cd7000 	C:\Program Files\Java\jdk1.8.0_121\jre\bin\fontmanager.dll
0x00007ff899440000 - 0x00007ff89956b000 	C:\Windows\system32\opengl32.dll
0x00007ff8a4360000 - 0x00007ff8a438e000 	C:\Windows\SYSTEM32\GLU32.dll
0x00007ff898950000 - 0x00007ff898a48000 	C:\Windows\SYSTEM32\DDRAW.dll
0x00007ff8a44d0000 - 0x00007ff8a44d9000 	C:\Windows\SYSTEM32\DCIMAN32.dll
0x00007ff8a3c60000 - 0x00007ff8a3d04000 	C:\Windows\WinSxS\amd64_microsoft.windows.common-controls_6595b64144ccf1df_5.82.9600.17810_none_34ae2abd958aedeb\comctl32.dll
0x0000000051ea0000 - 0x0000000051eba000 	C:\Program Files\Java\jdk1.8.0_121\jre\bin\net.dll
0x00007ff8a6150000 - 0x00007ff8a61a9000 	C:\Windows\system32\mswsock.dll
0x0000000051e80000 - 0x0000000051e91000 	C:\Program Files\Java\jdk1.8.0_121\jre\bin\nio.dll
0x0000000051c40000 - 0x0000000051c82000 	C:\Program Files\Java\jdk1.8.0_121\jre\bin\t2k.dll
0x00007ff8a89c0000 - 0x00007ff8a8a76000 	C:\Windows\SYSTEM32\clbcatq.dll
0x00007ff8a1910000 - 0x00007ff8a1a8f000 	C:\Windows\SYSTEM32\PROPSYS.dll
0x00007ff8932d0000 - 0x00007ff89346d000 	C:\Windows\system32\NetworkExplorer.dll
0x00007ff8a91d0000 - 0x00007ff8a93aa000 	C:\Windows\system32\SETUPAPI.dll
0x00007ff8a10d0000 - 0x00007ff8a10f8000 	C:\Windows\System32\IDStore.dll
0x00007ff8a15a0000 - 0x00007ff8a15bf000 	C:\Windows\System32\SAMLIB.dll
0x00007ff89e990000 - 0x00007ff89ea09000 	C:\Windows\System32\wlidprov.dll
0x00007ff8a44b0000 - 0x00007ff8a44bb000 	C:\Windows\System32\drprov.dll
0x00007ff8a6390000 - 0x00007ff8a63ea000 	C:\Windows\System32\WINSTA.dll
0x00007ff8a3d70000 - 0x00007ff8a3d87000 	C:\Windows\System32\ntlanman.dll
0x00007ff8908e0000 - 0x00007ff8908ff000 	C:\Windows\System32\davclnt.dll
0x00007ff8a38d0000 - 0x00007ff8a38dc000 	C:\Windows\System32\DAVHLPR.dll
0x00007ff8a4050000 - 0x00007ff8a4067000 	C:\Windows\System32\wkscli.dll
0x00007ff897e40000 - 0x00007ff897e52000 	C:\Windows\SYSTEM32\cscapi.dll
0x00007ff8a5b80000 - 0x00007ff8a5b8c000 	C:\Windows\System32\netutils.dll
0x00007ff886cd0000 - 0x00007ff886d4b000 	C:\Windows\System32\dlnashext.dll
0x00007ff88dcd0000 - 0x00007ff88dd1e000 	C:\Windows\System32\PlayToDevice.dll
0x00007ff8a61b0000 - 0x00007ff8a61d0000 	C:\Windows\SYSTEM32\CRYPTSP.dll
0x00007ff8a5dd0000 - 0x00007ff8a5e06000 	C:\Windows\system32\rsaenh.dll
0x00007ff8a6460000 - 0x00007ff8a6486000 	C:\Windows\SYSTEM32\bcrypt.dll
0x00007ff888910000 - 0x00007ff88892e000 	C:\Windows\System32\DevDispItemProvider.dll
0x00007ff8a42e0000 - 0x00007ff8a430a000 	C:\Windows\SYSTEM32\IPHLPAPI.DLL
0x00007ff8a42b0000 - 0x00007ff8a42ba000 	C:\Windows\SYSTEM32\WINNSI.DLL
0x00007ff89fdf0000 - 0x00007ff89fe06000 	C:\Windows\SYSTEM32\dhcpcsvc6.DLL
0x00007ff894b20000 - 0x00007ff894de4000 	C:\Windows\System32\actxprxy.dll
0x00007ff8a4340000 - 0x00007ff8a435a000 	C:\Windows\SYSTEM32\dhcpcsvc.DLL
0x00007ff89a980000 - 0x00007ff89a9c3000 	C:\Windows\System32\netprofm.dll
0x00007ff896870000 - 0x00007ff89687e000 	C:\Windows\System32\npmproxy.dll
0x00007ff881880000 - 0x00007ff881a7d000 	C:\Windows\system32\wpdshext.dll
0x00007ff898770000 - 0x00007ff898920000 	C:\Windows\WinSxS\amd64_microsoft.windows.gdiplus_6595b64144ccf1df_1.1.9600.18790_none_9333b10747484d36\gdiplus.dll
0x00007ff8a05e0000 - 0x00007ff8a0694000 	C:\Windows\System32\PortableDeviceApi.dll
0x00007ff8a69f0000 - 0x00007ff8a6a41000 	C:\Windows\system32\WINTRUST.dll
0x00007ff8a6ca0000 - 0x00007ff8a6e7f000 	C:\Windows\system32\CRYPT32.dll
0x00007ff8a69d0000 - 0x00007ff8a69e1000 	C:\Windows\system32\MSASN1.dll
0x00007ff8a06d0000 - 0x00007ff8a070a000 	C:\Windows\System32\PortableDeviceTypes.dll
0x00007ff895550000 - 0x00007ff895587000 	C:\Windows\System32\EhStorShell.dll
0x00007ff881310000 - 0x00007ff881336000 	C:\Windows\System32\EhStorAPI.dll
0x00007ff8a3e60000 - 0x00007ff8a3e72000 	C:\Windows\System32\WTSAPI32.dll
0x00007ff89e830000 - 0x00007ff89e83d000 	C:\Windows\SYSTEM32\LINKINFO.dll
0x00007ff8893f0000 - 0x00007ff88a285000 	C:\Windows\System32\ieframe.dll
0x00007ff89f690000 - 0x00007ff89f95b000 	C:\Windows\System32\iertutil.dll
0x00007ff89f960000 - 0x00007ff89fae5000 	C:\Windows\SYSTEM32\urlmon.dll
0x00007ff89f360000 - 0x00007ff89f681000 	C:\Windows\SYSTEM32\WININET.dll
0x00007ff8a1c20000 - 0x00007ff8a1dce000 	C:\Windows\SYSTEM32\WindowsCodecs.dll
0x0000000051c10000 - 0x0000000051c3a000 	C:\Program Files\Java\jdk1.8.0_121\jre\bin\dcpr.dll
0x000000006bb80000 - 0x000000006bbb1000 	C:\Program Files\swipl\bin\jpl.dll
0x0000000062480000 - 0x00000000624a9000 	C:\Program Files\swipl\bin\pthreadGC2.dll
0x0000000070200000 - 0x0000000070325000 	C:\Program Files\swipl\bin\libswipl.dll
0x000000006acc0000 - 0x000000006ad34000 	C:\Program Files\swipl\bin\libgmp-10.dll
0x00007ff8975d0000 - 0x00007ff897759000 	C:\Windows\SYSTEM32\dbghelp.dll

VM Arguments:
jvm_args: -Dfile.encoding=UTF-8 
java_command: Notepad.Notepad
java_class_path (initial): C:\Program Files\NetBeans 8.0\java\modules\ext\AbsoluteLayout.jar;C:\Program Files\swipl\lib\jpl.jar;C:\Users\Pavlos\Documents\NetBeansProjects\Smartpad\build\classes
Launcher Type: SUN_STANDARD

Environment Variables:
JAVA_HOME=C:\Program Files\Java\jdk1.8.0_121
PATH=C:\ProgramData\Oracle\Java\javapath;C:\Program Files (x86)\NVIDIA Corporation\PhysX\Common;C:\Program Files (x86)\Intel\iCLS Client\;C:\Program Files\Intel\iCLS Client\;C:\Windows\system32;C:\Windows;C:\Windows\System32\Wbem;C:\Windows\System32\WindowsPowerShell\v1.0\;C:\Program Files\Intel\Intel(R) Management Engine Components\DAL;C:\Program Files (x86)\Intel\Intel(R) Management Engine Components\DAL;C:\Program Files\Intel\Intel(R) Management Engine Components\IPT;C:\Program Files (x86)\Intel\Intel(R) Management Engine Components\IPT;C:\Windows\system32\config\systemprofile\.dnx\bin;C:\Program Files\Microsoft DNX\Dnvm\;C:\Program Files\Microsoft SQL Server\130\Tools\Binn\;C:\Program Files (x86)\Skype\Phone\;C:\Program Files\Java\jdk1.8.0_121\bin;C:\Program Files\swipl\bin;C:\Program Files\swipl\lib\jpl.jar;C:\Program Files (x86)\Bitvise SSH Client;C:\Program Files\Java\jdk1.8.0_121\bin;C:\Program Files\swipl\bin;C:\Program Files\swipl\lib\jpl.jar
USERNAME=Pavlos
OS=Windows_NT
PROCESSOR_IDENTIFIER=Intel64 Family 6 Model 61 Stepping 4, GenuineIntel



---------------  S Y S T E M  ---------------

OS: Windows 8.1 , 64 bit Build 9600 (6.3.9600.17415)

CPU:total 4 (2 cores per cpu, 2 threads per core) family 6 model 61 stepping 4, cmov, cx8, fxsr, mmx, sse, sse2, sse3, ssse3, sse4.1, sse4.2, popcnt, avx, avx2, aes, clmul, erms, 3dnowpref, lzcnt, ht, tsc, tscinvbit, bmi1, bmi2, adx

Memory: 4k page, physical 8288600k(3281068k free), swap 9599320k(3420368k free)

vm_info: Java HotSpot(TM) 64-Bit Server VM (25.121-b13) for windows-amd64 JRE (1.8.0_121-b13), built on Dec 12 2016 18:21:36 by "java_re" with MS VC++ 10.0 (VS2010)

time: Wed Oct 18 14:16:39 2017
elapsed time: 23 seconds (0d 0h 0m 23s)

