#
# A fatal error has been detected by the Java Runtime Environment:
#
#  EXCEPTION_ACCESS_VIOLATION (0xc0000005) at pc=0x0000000062484d63, pid=9872, tid=0x0000000000001578
#
# JRE version: Java(TM) SE Runtime Environment (8.0_121-b13) (build 1.8.0_121-b13)
# Java VM: Java HotSpot(TM) 64-Bit Server VM (25.121-b13 mixed mode windows-amd64 compressed oops)
# Problematic frame:
# C  [pthreadGC2.dll+0x4d63]
#
# Failed to write core dump. Minidumps are not enabled by default on client versions of Windows
#
# If you would like to submit a bug report, please visit:
#   http://bugreport.java.com/bugreport/crash.jsp
# The crash happened outside the Java Virtual Machine in native code.
# See problematic frame for where to report the bug.
#

---------------  T H R E A D  ---------------

Current thread (0x0000000019a31800):  JavaThread "Thread-1" daemon [_thread_in_native, id=5496, stack(0x000000001b450000,0x000000001b550000)]

siginfo: ExceptionCode=0xc0000005, reading address 0x0000000000000008

Registers:
RAX=0x0000000000000000, RBX=0x0000000000000002, RCX=0x000000001b54ebe0, RDX=0x0000000000000001
RSP=0x000000001b54eb98, RBP=0x00007ff8a981ba40, RSI=0x0000000000000010, RDI=0x000000001bbe3b50
R8 =0x0000000000000008, R9 =0x00000000fffffff7, R10=0x0000000000000000, R11=0x0000000000000001
R12=0x0000000000000000, R13=0x0000000000000001, R14=0x00007ff8a8781010, R15=0x00007ff8a8781910
RIP=0x0000000062484d63, EFLAGS=0x0000000000010246

Top of Stack: (sp=0x000000001b54eb98)
0x000000001b54eb98:   00000000702774ed 000000001aa425f0
0x000000001b54eba8:   00000000702072a7 00000000702f42a0
0x000000001b54ebb8:   000000001aa42460 fffffffffffffffe
0x000000001b54ebc8:   ffffffffffffffff 000000001aa42130
0x000000001b54ebd8:   00007ff8a8781910 0000000000000000
0x000000001b54ebe8:   0000000000000000 00000000702f42a0
0x000000001b54ebf8:   000000001aab48b0 00000000702f42a0
0x000000001b54ec08:   0000000000000001 00007ff8a981ba40
0x000000001b54ec18:   0000000000000000 00000000702ccc80
0x000000001b54ec28:   0000000000000000 0000000000000000
0x000000001b54ec38:   000000007024c479 0000000070239f70
0x000000001b54ec48:   0000000000000001 0000000000000003
0x000000001b54ec58:   00000000702f42a0 00000000000000d1
0x000000001b54ec68:   0000000070209068 000000001aa42520
0x000000001b54ec78:   000000001aab48b0 0000000000000001
0x000000001b54ec88:   00000000702f42a0 0000000000000000 

Instructions: (pc=0x0000000062484d63)
0x0000000062484d43:   ff ff 66 66 2e 0f 1f 84 00 00 00 00 00 e9 cb eb
0x0000000062484d53:   ff ff 66 66 2e 0f 1f 84 00 00 00 00 00 48 8b 01
0x0000000062484d63:   48 8b 40 08 c3 0f 1f 84 00 00 00 00 00 48 8b 01
0x0000000062484d73:   8b 80 98 01 00 00 c3 66 0f 1f 44 00 00 48 8b 01 


Register to memory mapping:

RAX=0x0000000000000000 is an unknown value
RBX=0x0000000000000002 is an unknown value
RCX=0x000000001b54ebe0 is pointing into the stack for thread: 0x0000000019a31800
RDX=0x0000000000000001 is an unknown value
RSP=0x000000001b54eb98 is pointing into the stack for thread: 0x0000000019a31800
RBP=0x00007ff8a981ba40 is an unknown value
RSI=0x0000000000000010 is an unknown value
RDI=0x000000001bbe3b50 is an unknown value
R8 =0x0000000000000008 is an unknown value
R9 =0x00000000fffffff7 is an unallocated location in the heap
R10=0x0000000000000000 is an unknown value
R11=0x0000000000000001 is an unknown value
R12=0x0000000000000000 is an unknown value
R13=0x0000000000000001 is an unknown value
R14=0x00007ff8a8781010 is an unknown value
R15=0x00007ff8a8781910 is an unknown value


Stack: [0x000000001b450000,0x000000001b550000],  sp=0x000000001b54eb98,  free space=1018k
Native frames: (J=compiled Java code, j=interpreted, Vv=VM code, C=native code)
C  [pthreadGC2.dll+0x4d63]
C  [libswipl.dll+0x774ed]
C  [libswipl.dll+0x4c479]
C  [libswipl.dll+0x5192a]
C  [libswipl.dll+0x519a5]
C  [libswipl.dll+0x14704]
C  [jpl.dll+0xe5e7]
C  0x0000000002187f74

Java frames: (J=compiled Java code, j=interpreted, Vv=VM code)
j  jpl.fli.Prolog.next_solution(Ljpl/fli/qid_t;)Z+0
j  jpl.Query.get1()Z+4
j  jpl.Query.hasMoreSolutions()Z+12
j  jpl.Query.oneSolution()Ljava/util/Hashtable;+18
j  jpl.Query.query()Z+1
j  Utilities.Utilities.probableWords(Lobject/Word;)LDoubleLinkedList/DoubleLinkedList;+50
j  object.Text.seperated(Ljava/lang/String;)Lobject/Text;+117
j  Notepad.Notepad.substitute()V+22
j  Notepad.Notepad$32.run()V+4
v  ~StubRoutines::call_stub

---------------  P R O C E S S  ---------------

Java Threads: ( => current thread )
=>0x0000000019a31800 JavaThread "Thread-1" daemon [_thread_in_native, id=5496, stack(0x000000001b450000,0x000000001b550000)]
  0x00000000198aa000 JavaThread "TimerQueue" daemon [_thread_blocked, id=9804, stack(0x000000001ba00000,0x000000001bb00000)]
  0x000000001981f800 JavaThread "Swing-Shell" daemon [_thread_blocked, id=10272, stack(0x000000001a140000,0x000000001a240000)]
  0x0000000002070800 JavaThread "DestroyJavaVM" [_thread_blocked, id=2848, stack(0x0000000001f70000,0x0000000002070000)]
  0x000000001964e000 JavaThread "AWT-EventQueue-0" [_thread_blocked, id=5068, stack(0x0000000019e40000,0x0000000019f40000)]
  0x0000000018a22000 JavaThread "AWT-Windows" daemon [_thread_in_native, id=6788, stack(0x0000000018f50000,0x0000000019050000)]
  0x0000000018a1f800 JavaThread "AWT-Shutdown" [_thread_blocked, id=10300, stack(0x0000000018e50000,0x0000000018f50000)]
  0x0000000018a1d800 JavaThread "Java2D Disposer" daemon [_thread_blocked, id=7008, stack(0x0000000018d50000,0x0000000018e50000)]
  0x0000000016d1e800 JavaThread "Service Thread" daemon [_thread_blocked, id=4348, stack(0x0000000018a30000,0x0000000018b30000)]
  0x0000000016cd3000 JavaThread "C1 CompilerThread2" daemon [_thread_blocked, id=8628, stack(0x0000000018530000,0x0000000018630000)]
  0x0000000016ccd800 JavaThread "C2 CompilerThread1" daemon [_thread_blocked, id=10748, stack(0x0000000018430000,0x0000000018530000)]
  0x0000000016ccb000 JavaThread "C2 CompilerThread0" daemon [_thread_blocked, id=248, stack(0x0000000018330000,0x0000000018430000)]
  0x0000000016cc5000 JavaThread "Attach Listener" daemon [_thread_blocked, id=11160, stack(0x0000000018230000,0x0000000018330000)]
  0x0000000016cc4000 JavaThread "Signal Dispatcher" daemon [_thread_blocked, id=2184, stack(0x0000000018130000,0x0000000018230000)]
  0x000000000216a800 JavaThread "Finalizer" daemon [_thread_blocked, id=6104, stack(0x0000000017f20000,0x0000000018020000)]
  0x000000000215f800 JavaThread "Reference Handler" daemon [_thread_blocked, id=2944, stack(0x0000000017e20000,0x0000000017f20000)]

Other Threads:
  0x0000000016c88000 VMThread [stack: 0x0000000017d20000,0x0000000017e20000] [id=9052]
  0x0000000018677000 WatcherThread [stack: 0x0000000018b30000,0x0000000018c30000] [id=2888]

VM state:not at safepoint (normal execution)

VM Mutex/Monitor currently owned by a thread: None

Heap:
 PSYoungGen      total 38400K, used 19217K [0x00000000d5d80000, 0x00000000d8800000, 0x0000000100000000)
  eden space 33280K, 57% used [0x00000000d5d80000,0x00000000d7044678,0x00000000d7e00000)
  from space 5120K, 0% used [0x00000000d8300000,0x00000000d8300000,0x00000000d8800000)
  to   space 5120K, 0% used [0x00000000d7e00000,0x00000000d7e00000,0x00000000d8300000)
 ParOldGen       total 87552K, used 0K [0x0000000081800000, 0x0000000086d80000, 0x00000000d5d80000)
  object space 87552K, 0% used [0x0000000081800000,0x0000000081800000,0x0000000086d80000)
 Metaspace       used 15708K, capacity 15918K, committed 16256K, reserved 1062912K
  class space    used 2029K, capacity 2081K, committed 2176K, reserved 1048576K

Card table byte_map: [0x0000000011530000,0x0000000011930000] byte_map_base: 0x0000000011124000

Marking Bits: (ParMarkBitMap*) 0x000000005284b6d0
 Begin Bits: [0x0000000011fe0000, 0x0000000013f80000)
 End Bits:   [0x0000000013f80000, 0x0000000015f20000)

Polling page: 0x00000000006b0000

CodeCache: size=245760Kb used=5169Kb max_used=5169Kb free=240590Kb
 bounds [0x0000000002170000, 0x0000000002680000, 0x0000000011170000]
 total_blobs=2117 nmethods=1602 adapters=426
 compilation: enabled

Compilation events (10 events):
Event: 26.842 Thread 0x0000000016cd3000 1600       3       sun.swing.SwingUtilities2::getFontMetrics (18 bytes)
Event: 26.843 Thread 0x0000000016cd3000 nmethod 1600 0x000000000267b610 code [0x000000000267b820, 0x000000000267c268]
Event: 26.920 Thread 0x0000000016cd3000 1601   !   3       java.awt.KeyboardFocusManager::getGlobalFocusOwner (20 bytes)
Event: 26.921 Thread 0x0000000016cd3000 nmethod 1601 0x000000000267c710 code [0x000000000267c8c0, 0x000000000267cd48]
Event: 27.321 Thread 0x0000000016cd3000 1603       3       java.util.concurrent.locks.ReentrantReadWriteLock::readLock (5 bytes)
Event: 27.321 Thread 0x0000000016cd3000 nmethod 1603 0x000000000267cf90 code [0x000000000267d0e0, 0x000000000267d250]
Event: 27.321 Thread 0x0000000016cd3000 1604   !   3       sun.java2d.SunGraphics2D::drawImage (145 bytes)
Event: 27.322 Thread 0x0000000016cd3000 nmethod 1604 0x000000000267d2d0 code [0x000000000267d540, 0x000000000267e9b8]
Event: 27.322 Thread 0x0000000016cd3000 1602       1       javax.swing.plaf.nimbus.AbstractRegionPainter$PaintContext::access$1100 (5 bytes)
Event: 27.322 Thread 0x0000000016cd3000 nmethod 1602 0x000000000267f2d0 code [0x000000000267f420, 0x000000000267f510]

GC Heap History (0 events):
No events

Deoptimization events (8 events):
Event: 0.846 Thread 0x000000001964e000 Uncommon trap: reason=unstable_if action=reinterpret pc=0x000000000235c238 method=java.lang.String.<init>([CII)V @ 18
Event: 1.031 Thread 0x0000000018a22000 Uncommon trap: reason=unstable_if action=reinterpret pc=0x0000000002366dc4 method=java.util.HashMap.putVal(ILjava/lang/Object;Ljava/lang/Object;ZZ)Ljava/lang/Object; @ 206
Event: 1.616 Thread 0x000000001964e000 Uncommon trap: reason=class_check action=maybe_recompile pc=0x00000000022e2c28 method=java.lang.String.equals(Ljava/lang/Object;)Z @ 8
Event: 2.462 Thread 0x000000001964e000 Uncommon trap: reason=class_check action=maybe_recompile pc=0x00000000022e2c28 method=java.lang.String.equals(Ljava/lang/Object;)Z @ 8
Event: 2.462 Thread 0x000000001964e000 Uncommon trap: reason=class_check action=maybe_recompile pc=0x00000000022e2c28 method=java.lang.String.equals(Ljava/lang/Object;)Z @ 8
Event: 2.669 Thread 0x000000001964e000 Uncommon trap: reason=class_check action=maybe_recompile pc=0x00000000022e2c28 method=java.lang.String.equals(Ljava/lang/Object;)Z @ 8
Event: 6.390 Thread 0x000000001964e000 Uncommon trap: reason=unstable_if action=reinterpret pc=0x0000000002489f64 method=java.awt.MultipleGradientPaintContext.indexIntoGradientsArrays(F)I @ 93
Event: 18.553 Thread 0x000000001964e000 Uncommon trap: reason=unstable_if action=reinterpret pc=0x000000000261fa44 method=java.awt.Container.findComponentAtImpl(IIZ)Ljava/awt/Component; @ 131

Internal exceptions (10 events):
Event: 0.386 Thread 0x0000000002070800 Exception <a 'java/lang/ClassNotFoundException': ToolBar> (0x00000000d619a1b0) thrown at [C:\re\workspace\8-2-build-windows-amd64-cygwin\jdk8u121\8372\hotspot\src\share\vm\classfile\systemDictionary.cpp, line 210]
Event: 0.386 Thread 0x0000000002070800 Exception <a 'java/lang/ClassNotFoundException': ToggleButton> (0x00000000d619a760) thrown at [C:\re\workspace\8-2-build-windows-amd64-cygwin\jdk8u121\8372\hotspot\src\share\vm\classfile\systemDictionary.cpp, line 210]
Event: 0.386 Thread 0x0000000002070800 Exception <a 'java/lang/ClassNotFoundException': javax/swing/JToolBarSeparator> (0x00000000d619abc0) thrown at [C:\re\workspace\8-2-build-windows-amd64-cygwin\jdk8u121\8372\hotspot\src\share\vm\classfile\systemDictionary.cpp, line 210]
Event: 0.386 Thread 0x0000000002070800 Exception <a 'java/lang/ClassNotFoundException': ToolBarSeparator> (0x00000000d619b058) thrown at [C:\re\workspace\8-2-build-windows-amd64-cygwin\jdk8u121\8372\hotspot\src\share\vm\classfile\systemDictionary.cpp, line 210]
Event: 0.386 Thread 0x0000000002070800 Exception <a 'java/lang/ClassNotFoundException': ToolTip> (0x00000000d619b798) thrown at [C:\re\workspace\8-2-build-windows-amd64-cygwin\jdk8u121\8372\hotspot\src\share\vm\classfile\systemDictionary.cpp, line 210]
Event: 0.387 Thread 0x0000000002070800 Exception <a 'java/lang/ClassNotFoundException': Tree> (0x00000000d619c3b8) thrown at [C:\re\workspace\8-2-build-windows-amd64-cygwin\jdk8u121\8372\hotspot\src\share\vm\classfile\systemDictionary.cpp, line 210]
Event: 0.388 Thread 0x0000000002070800 Exception <a 'java/lang/ClassNotFoundException': Tree> (0x00000000d619caf8) thrown at [C:\re\workspace\8-2-build-windows-amd64-cygwin\jdk8u121\8372\hotspot\src\share\vm\classfile\systemDictionary.cpp, line 210]
Event: 0.388 Thread 0x0000000002070800 Exception <a 'java/lang/ClassNotFoundException': javax/swing/JTreeCell> (0x00000000d619ce78) thrown at [C:\re\workspace\8-2-build-windows-amd64-cygwin\jdk8u121\8372\hotspot\src\share\vm\classfile\systemDictionary.cpp, line 210]
Event: 0.388 Thread 0x0000000002070800 Exception <a 'java/lang/ClassNotFoundException': TreeCell> (0x00000000d619d300) thrown at [C:\re\workspace\8-2-build-windows-amd64-cygwin\jdk8u121\8372\hotspot\src\share\vm\classfile\systemDictionary.cpp, line 210]
Event: 0.388 Thread 0x0000000002070800 Exception <a 'java/lang/ClassNotFoundException': RootPane> (0x00000000d619dd60) thrown at [C:\re\workspace\8-2-build-windows-amd64-cygwin\jdk8u121\8372\hotspot\src\share\vm\classfile\systemDictionary.cpp, line 210]

Events (10 events):
Event: 20.967 Thread 0x000000001964e000 DEOPT PACKING pc=0x0000000002591766 sp=0x0000000019f3b7c0
Event: 20.967 Thread 0x000000001964e000 DEOPT UNPACKING pc=0x00000000021b787f sp=0x0000000019f3b500 mode 0
Event: 20.967 Thread 0x000000001964e000 DEOPT PACKING pc=0x0000000002591766 sp=0x0000000019f3b7c0
Event: 20.967 Thread 0x000000001964e000 DEOPT UNPACKING pc=0x00000000021b787f sp=0x0000000019f3b500 mode 0
Event: 20.968 Thread 0x000000001964e000 DEOPT PACKING pc=0x0000000002591766 sp=0x0000000019f3b7c0
Event: 20.968 Thread 0x000000001964e000 DEOPT UNPACKING pc=0x00000000021b787f sp=0x0000000019f3b500 mode 0
Event: 22.924 loading class javax/swing/plaf/basic/BasicMenuItemUI$Actions
Event: 22.924 loading class javax/swing/plaf/basic/BasicMenuItemUI$Actions done
Event: 22.926 Executing VM operation: RevokeBias
Event: 22.926 Executing VM operation: RevokeBias done


Dynamic libraries:
0x00007ff63ccb0000 - 0x00007ff63cce7000 	C:\Program Files\Java\jdk1.8.0_121\bin\java.exe
0x00007ff8a97f0000 - 0x00007ff8a999d000 	C:\Windows\SYSTEM32\ntdll.dll
0x00007ff8a8780000 - 0x00007ff8a88be000 	C:\Windows\system32\KERNEL32.DLL
0x00007ff8978b0000 - 0x00007ff8978e3000 	C:\Program Files\AVAST Software\Avast\x64\aswhooka.dll
0x00007ff8a6b80000 - 0x00007ff8a6c95000 	C:\Windows\system32\KERNELBASE.dll
0x00007ff8a54e0000 - 0x00007ff8a556e000 	C:\Windows\system32\apphelp.dll
0x00007ff88d630000 - 0x00007ff88d683000 	C:\Windows\AppPatch\AppPatch64\AcGenral.DLL
0x00007ff8a8550000 - 0x00007ff8a85fa000 	C:\Windows\system32\msvcrt.dll
0x00007ff8a6aa0000 - 0x00007ff8a6ace000 	C:\Windows\system32\SspiCli.dll
0x00007ff8a84f0000 - 0x00007ff8a8544000 	C:\Windows\system32\SHLWAPI.dll
0x00007ff8a8600000 - 0x00007ff8a8777000 	C:\Windows\system32\USER32.dll
0x00007ff8a95d0000 - 0x00007ff8a9764000 	C:\Windows\system32\ole32.dll
0x00007ff8a6fc0000 - 0x00007ff8a84e9000 	C:\Windows\system32\SHELL32.dll
0x00007ff8a5ee0000 - 0x00007ff8a5f01000 	C:\Windows\SYSTEM32\USERENV.dll
0x00007ff8a8ff0000 - 0x00007ff8a909a000 	C:\Windows\system32\ADVAPI32.dll
0x00007ff896950000 - 0x00007ff89696e000 	C:\Windows\SYSTEM32\MPR.dll
0x00007ff8a6e80000 - 0x00007ff8a6fc0000 	C:\Windows\system32\RPCRT4.dll
0x00007ff8a9770000 - 0x00007ff8a97c9000 	C:\Windows\SYSTEM32\sechost.dll
0x00007ff8a8a80000 - 0x00007ff8a8c92000 	C:\Windows\SYSTEM32\combase.dll
0x00007ff8a8e90000 - 0x00007ff8a8fdb000 	C:\Windows\system32\GDI32.dll
0x00007ff8a6920000 - 0x00007ff8a6935000 	C:\Windows\SYSTEM32\profapi.dll
0x00007ff8a4eb0000 - 0x00007ff8a4f62000 	C:\Windows\SYSTEM32\SHCORE.dll
0x00007ff8a88c0000 - 0x00007ff8a88f6000 	C:\Windows\system32\IMM32.DLL
0x00007ff8a8cb0000 - 0x00007ff8a8e01000 	C:\Windows\system32\MSCTF.dll
0x00007ff8a4880000 - 0x00007ff8a4afb000 	C:\Windows\WinSxS\amd64_microsoft.windows.common-controls_6595b64144ccf1df_6.0.9600.18006_none_623f33d3ecbe86e8\COMCTL32.dll
0x0000000051f50000 - 0x0000000052022000 	C:\Program Files\Java\jdk1.8.0_121\jre\bin\msvcr100.dll
0x0000000052030000 - 0x00000000528cb000 	C:\Program Files\Java\jdk1.8.0_121\jre\bin\server\jvm.dll
0x00007ff8a1420000 - 0x00007ff8a1429000 	C:\Windows\SYSTEM32\WSOCK32.dll
0x00007ff898740000 - 0x00007ff898762000 	C:\Windows\SYSTEM32\WINMM.dll
0x00007ff89e360000 - 0x00007ff89e36a000 	C:\Windows\SYSTEM32\VERSION.dll
0x00007ff8a97d0000 - 0x00007ff8a97d7000 	C:\Windows\system32\PSAPI.DLL
0x00007ff8a8e30000 - 0x00007ff8a8e8a000 	C:\Windows\system32\WS2_32.dll
0x00007ff8985d0000 - 0x00007ff8985fa000 	C:\Windows\SYSTEM32\WINMMBASE.dll
0x00007ff8a8fe0000 - 0x00007ff8a8fe9000 	C:\Windows\system32\NSI.dll
0x00007ff8a6a50000 - 0x00007ff8a6a9f000 	C:\Windows\SYSTEM32\cfgmgr32.dll
0x00007ff8a5730000 - 0x00007ff8a5758000 	C:\Windows\SYSTEM32\DEVOBJ.dll
0x0000000054150000 - 0x000000005415f000 	C:\Program Files\Java\jdk1.8.0_121\jre\bin\verify.dll
0x0000000051ee0000 - 0x0000000051f09000 	C:\Program Files\Java\jdk1.8.0_121\jre\bin\java.dll
0x0000000051ec0000 - 0x0000000051ed6000 	C:\Program Files\Java\jdk1.8.0_121\jre\bin\zip.dll
0x0000000051ce0000 - 0x0000000051e78000 	C:\Program Files\Java\jdk1.8.0_121\jre\bin\awt.dll
0x00007ff8a9100000 - 0x00007ff8a91c6000 	C:\Windows\system32\OLEAUT32.dll
0x00007ff8a55b0000 - 0x00007ff8a56d9000 	C:\Windows\system32\uxtheme.dll
0x00007ff8a4cb0000 - 0x00007ff8a4cd1000 	C:\Windows\system32\dwmapi.dll
0x00007ff8a5780000 - 0x00007ff8a578b000 	C:\Windows\SYSTEM32\kernel.appcore.dll
0x00007ff8a67f0000 - 0x00007ff8a67fb000 	C:\Windows\SYSTEM32\CRYPTBASE.dll
0x00007ff8a6780000 - 0x00007ff8a67e3000 	C:\Windows\SYSTEM32\bcryptPrimitives.dll
0x0000000051c90000 - 0x0000000051cd7000 	C:\Program Files\Java\jdk1.8.0_121\jre\bin\fontmanager.dll
0x00007ff899440000 - 0x00007ff89956b000 	C:\Windows\system32\opengl32.dll
0x00007ff8a4360000 - 0x00007ff8a438e000 	C:\Windows\SYSTEM32\GLU32.dll
0x00007ff898950000 - 0x00007ff898a48000 	C:\Windows\SYSTEM32\DDRAW.dll
0x00007ff8a44d0000 - 0x00007ff8a44d9000 	C:\Windows\SYSTEM32\DCIMAN32.dll
0x00007ff8a3c60000 - 0x00007ff8a3d04000 	C:\Windows\WinSxS\amd64_microsoft.windows.common-controls_6595b64144ccf1df_5.82.9600.17810_none_34ae2abd958aedeb\comctl32.dll
0x0000000051ea0000 - 0x0000000051eba000 	C:\Program Files\Java\jdk1.8.0_121\jre\bin\net.dll
0x00007ff8a6150000 - 0x00007ff8a61a9000 	C:\Windows\system32\mswsock.dll
0x0000000051e80000 - 0x0000000051e91000 	C:\Program Files\Java\jdk1.8.0_121\jre\bin\nio.dll
0x0000000051c40000 - 0x0000000051c82000 	C:\Program Files\Java\jdk1.8.0_121\jre\bin\t2k.dll
0x00007ff8a89c0000 - 0x00007ff8a8a76000 	C:\Windows\SYSTEM32\clbcatq.dll
0x00007ff8a1910000 - 0x00007ff8a1a8f000 	C:\Windows\SYSTEM32\PROPSYS.dll
0x00007ff8932d0000 - 0x00007ff89346d000 	C:\Windows\system32\NetworkExplorer.dll
0x00007ff8a91d0000 - 0x00007ff8a93aa000 	C:\Windows\system32\SETUPAPI.dll
0x00007ff8a10d0000 - 0x00007ff8a10f8000 	C:\Windows\System32\IDStore.dll
0x00007ff8a15a0000 - 0x00007ff8a15bf000 	C:\Windows\System32\SAMLIB.dll
0x00007ff89e990000 - 0x00007ff89ea09000 	C:\Windows\System32\wlidprov.dll
0x00007ff8a44b0000 - 0x00007ff8a44bb000 	C:\Windows\System32\drprov.dll
0x00007ff8a6390000 - 0x00007ff8a63ea000 	C:\Windows\System32\WINSTA.dll
0x00007ff8a3d70000 - 0x00007ff8a3d87000 	C:\Windows\System32\ntlanman.dll
0x00007ff8908e0000 - 0x00007ff8908ff000 	C:\Windows\System32\davclnt.dll
0x00007ff8a38d0000 - 0x00007ff8a38dc000 	C:\Windows\System32\DAVHLPR.dll
0x00007ff8a4050000 - 0x00007ff8a4067000 	C:\Windows\System32\wkscli.dll
0x00007ff897e40000 - 0x00007ff897e52000 	C:\Windows\SYSTEM32\cscapi.dll
0x00007ff8a5b80000 - 0x00007ff8a5b8c000 	C:\Windows\System32\netutils.dll
0x00007ff886cd0000 - 0x00007ff886d4b000 	C:\Windows\System32\dlnashext.dll
0x00007ff88dcd0000 - 0x00007ff88dd1e000 	C:\Windows\System32\PlayToDevice.dll
0x00007ff8a61b0000 - 0x00007ff8a61d0000 	C:\Windows\SYSTEM32\CRYPTSP.dll
0x00007ff8a5dd0000 - 0x00007ff8a5e06000 	C:\Windows\system32\rsaenh.dll
0x00007ff8a6460000 - 0x00007ff8a6486000 	C:\Windows\SYSTEM32\bcrypt.dll
0x00007ff888910000 - 0x00007ff88892e000 	C:\Windows\System32\DevDispItemProvider.dll
0x00007ff8a42e0000 - 0x00007ff8a430a000 	C:\Windows\SYSTEM32\IPHLPAPI.DLL
0x00007ff8a42b0000 - 0x00007ff8a42ba000 	C:\Windows\SYSTEM32\WINNSI.DLL
0x00007ff89fdf0000 - 0x00007ff89fe06000 	C:\Windows\SYSTEM32\dhcpcsvc6.DLL
0x00007ff894b20000 - 0x00007ff894de4000 	C:\Windows\System32\actxprxy.dll
0x00007ff8a4340000 - 0x00007ff8a435a000 	C:\Windows\SYSTEM32\dhcpcsvc.DLL
0x00007ff89a980000 - 0x00007ff89a9c3000 	C:\Windows\System32\netprofm.dll
0x00007ff896870000 - 0x00007ff89687e000 	C:\Windows\System32\npmproxy.dll
0x00007ff881880000 - 0x00007ff881a7d000 	C:\Windows\system32\wpdshext.dll
0x00007ff898770000 - 0x00007ff898920000 	C:\Windows\WinSxS\amd64_microsoft.windows.gdiplus_6595b64144ccf1df_1.1.9600.18790_none_9333b10747484d36\gdiplus.dll
0x00007ff8a05e0000 - 0x00007ff8a0694000 	C:\Windows\System32\PortableDeviceApi.dll
0x00007ff8a69f0000 - 0x00007ff8a6a41000 	C:\Windows\system32\WINTRUST.dll
0x00007ff8a6ca0000 - 0x00007ff8a6e7f000 	C:\Windows\system32\CRYPT32.dll
0x00007ff8a69d0000 - 0x00007ff8a69e1000 	C:\Windows\system32\MSASN1.dll
0x00007ff8a06d0000 - 0x00007ff8a070a000 	C:\Windows\System32\PortableDeviceTypes.dll
0x00007ff895550000 - 0x00007ff895587000 	C:\Windows\System32\EhStorShell.dll
0x00007ff881310000 - 0x00007ff881336000 	C:\Windows\System32\EhStorAPI.dll
0x00007ff8a3e60000 - 0x00007ff8a3e72000 	C:\Windows\System32\WTSAPI32.dll
0x00007ff89e830000 - 0x00007ff89e83d000 	C:\Windows\SYSTEM32\LINKINFO.dll
0x00007ff8893f0000 - 0x00007ff88a285000 	C:\Windows\System32\ieframe.dll
0x00007ff89f690000 - 0x00007ff89f95b000 	C:\Windows\System32\iertutil.dll
0x00007ff89f960000 - 0x00007ff89fae5000 	C:\Windows\SYSTEM32\urlmon.dll
0x00007ff89f360000 - 0x00007ff89f681000 	C:\Windows\SYSTEM32\WININET.dll
0x00007ff8a1c20000 - 0x00007ff8a1dce000 	C:\Windows\SYSTEM32\WindowsCodecs.dll
0x0000000051c10000 - 0x0000000051c3a000 	C:\Program Files\Java\jdk1.8.0_121\jre\bin\dcpr.dll
0x000000006bb80000 - 0x000000006bbb1000 	C:\Program Files\swipl\bin\jpl.dll
0x0000000062480000 - 0x00000000624a9000 	C:\Program Files\swipl\bin\pthreadGC2.dll
0x0000000070200000 - 0x0000000070325000 	C:\Program Files\swipl\bin\libswipl.dll
0x000000006acc0000 - 0x000000006ad34000 	C:\Program Files\swipl\bin\libgmp-10.dll
0x00007ff8975d0000 - 0x00007ff897759000 	C:\Windows\SYSTEM32\dbghelp.dll

VM Arguments:
jvm_args: -Dfile.encoding=UTF-8 
java_command: Notepad.Notepad
java_class_path (initial): C:\Program Files\NetBeans 8.0\java\modules\ext\AbsoluteLayout.jar;C:\Program Files\swipl\lib\jpl.jar;C:\Users\Pavlos\Documents\NetBeansProjects\Smartpad\build\classes
Launcher Type: SUN_STANDARD

Environment Variables:
JAVA_HOME=C:\Program Files\Java\jdk1.8.0_121
PATH=C:\ProgramData\Oracle\Java\javapath;C:\Program Files (x86)\NVIDIA Corporation\PhysX\Common;C:\Program Files (x86)\Intel\iCLS Client\;C:\Program Files\Intel\iCLS Client\;C:\Windows\system32;C:\Windows;C:\Windows\System32\Wbem;C:\Windows\System32\WindowsPowerShell\v1.0\;C:\Program Files\Intel\Intel(R) Management Engine Components\DAL;C:\Program Files (x86)\Intel\Intel(R) Management Engine Components\DAL;C:\Program Files\Intel\Intel(R) Management Engine Components\IPT;C:\Program Files (x86)\Intel\Intel(R) Management Engine Components\IPT;C:\Windows\system32\config\systemprofile\.dnx\bin;C:\Program Files\Microsoft DNX\Dnvm\;C:\Program Files\Microsoft SQL Server\130\Tools\Binn\;C:\Program Files (x86)\Skype\Phone\;C:\Program Files\Java\jdk1.8.0_121\bin;C:\Program Files\swipl\bin;C:\Program Files\swipl\lib\jpl.jar;C:\Program Files (x86)\Bitvise SSH Client;C:\Program Files\Java\jdk1.8.0_121\bin;C:\Program Files\swipl\bin;C:\Program Files\swipl\lib\jpl.jar
USERNAME=Pavlos
OS=Windows_NT
PROCESSOR_IDENTIFIER=Intel64 Family 6 Model 61 Stepping 4, GenuineIntel



---------------  S Y S T E M  ---------------

OS: Windows 8.1 , 64 bit Build 9600 (6.3.9600.17415)

CPU:total 4 (2 cores per cpu, 2 threads per core) family 6 model 61 stepping 4, cmov, cx8, fxsr, mmx, sse, sse2, sse3, ssse3, sse4.1, sse4.2, popcnt, avx, avx2, aes, clmul, erms, 3dnowpref, lzcnt, ht, tsc, tscinvbit, bmi1, bmi2, adx

Memory: 4k page, physical 8288600k(3298616k free), swap 9599320k(3440560k free)

vm_info: Java HotSpot(TM) 64-Bit Server VM (25.121-b13) for windows-amd64 JRE (1.8.0_121-b13), built on Dec 12 2016 18:21:36 by "java_re" with MS VC++ 10.0 (VS2010)

time: Wed Oct 18 14:17:25 2017
elapsed time: 27 seconds (0d 0h 0m 27s)

